-------------------------------------------------------------------------------
Test set: TestSuite
-------------------------------------------------------------------------------
Tests run: 6, Failures: 1, Errors: 0, Skipped: 0, Time elapsed: 123.106 s <<< FAILURE! - in TestSuite
login(tests.LoginTest)  Time elapsed: 0.02 s  <<< FAILURE!
java.lang.NullPointerException: Cannot invoke "org.openqa.selenium.WebDriver.get(String)" because "this.driver" is null
	at tests.LoginTest.login(LoginTest.java:22)

